<?xml version="1.0" encoding="UTF-8"?>
<testsuite xmlns:xsi="http://www.w3.org/2001/XMLSchema-instance" xsi:noNamespaceSchemaLocation="https://maven.apache.org/surefire/maven-surefire-plugin/xsd/surefire-test-report.xsd" version="3.0.2" name="com.myaccess.ems.EmsBackendApplicationTests" time="10.218" tests="1" errors="0" skipped="0" failures="0">
  <properties>
[...]
</properties>
  <testcase name="contextLoads" classname="com.myaccess.ems.EmsBackendApplicationTests" time="0.862">
    <system-out><![CDATA[18:24:57.359 [main] INFO org.springframework.test.context.support.AnnotationConfigContextLoaderUtils -- Could not detect default configuration classes for test class [com.myaccess.ems.EmsBackendApplicationTests]: EmsBackendApplicationTests does not declare any static, non-private, non-final, nested classes annotated with @Configuration.
18:24:57.664 [main] INFO org.springframework.boot.test.context.SpringBootTestContextBootstrapper -- Found @SpringBootConfiguration com.myaccess.ems.EmsBackendApplication for test class com.myaccess.ems.EmsBackendApplicationTests

  .   ____          _            __ _ _
 /\\ / ___'_ __ _ _(_)_ __  __ _ \ \ \ \
( ( )\___ | '_ | '_| | '_ \/ _` | \ \ \ \
 \\/  ___)| |_)| | | | | || (_| |  ) ) ) )
  '  |____| .__|_| |_|_| |_\__, | / / / /
 =========|_|==============|___/=/_/_/_/

 :: Spring Boot ::                (v3.4.2)

2025-02-20T18:24:58.743+05:30  INFO 5248 --- [ems-backend] [           main] c.m.ems.EmsBackendApplicationTests       : Starting EmsBackendApplicationTests using Java 23.0.2 with PID 5248 (started by Durga Prasad in C:\Users\Durga Prasad\Downloads\My Application\Employee-Management-System-1\ems-backend)
2025-02-20T18:24:58.751+05:30  INFO 5248 --- [ems-backend] [           main] c.m.ems.EmsBackendApplicationTests       : No active profile set, falling back to 1 default profile: "default"
2025-02-20T18:25:00.205+05:30  INFO 5248 --- [ems-backend] [           main] .s.d.r.c.RepositoryConfigurationDelegate : Bootstrapping Spring Data JPA repositories in DEFAULT mode.
2025-02-20T18:25:00.337+05:30  INFO 5248 --- [ems-backend] [           main] .s.d.r.c.RepositoryConfigurationDelegate : Finished Spring Data repository scanning in 113 ms. Found 2 JPA repository interfaces.
2025-02-20T18:25:01.257+05:30  INFO 5248 --- [ems-backend] [           main] o.hibernate.jpa.internal.util.LogHelper  : HHH000204: Processing PersistenceUnitInfo [name: default]
2025-02-20T18:25:01.384+05:30  INFO 5248 --- [ems-backend] [           main] org.hibernate.Version                    : HHH000412: Hibernate ORM core version 6.6.5.Final
2025-02-20T18:25:01.452+05:30  INFO 5248 --- [ems-backend] [           main] o.h.c.internal.RegionFactoryInitiator    : HHH000026: Second-level cache disabled
2025-02-20T18:25:02.047+05:30  INFO 5248 --- [ems-backend] [           main] o.s.o.j.p.SpringPersistenceUnitInfo      : No LoadTimeWeaver setup: ignoring JPA class transformer
2025-02-20T18:25:02.127+05:30  INFO 5248 --- [ems-backend] [           main] com.zaxxer.hikari.HikariDataSource       : HikariPool-1 - Starting...
2025-02-20T18:25:02.824+05:30  INFO 5248 --- [ems-backend] [           main] com.zaxxer.hikari.pool.HikariPool        : HikariPool-1 - Added connection com.mysql.cj.jdbc.ConnectionImpl@6851b296
2025-02-20T18:25:02.824+05:30  INFO 5248 --- [ems-backend] [           main] com.zaxxer.hikari.HikariDataSource       : HikariPool-1 - Start completed.
2025-02-20T18:25:02.938+05:30  WARN 5248 --- [ems-backend] [           main] org.hibernate.orm.deprecation            : HHH90000025: MySQLDialect does not need to be specified explicitly using 'hibernate.dialect' (remove the property setting and it will be selected by default)
2025-02-20T18:25:03.005+05:30  INFO 5248 --- [ems-backend] [           main] org.hibernate.orm.connections.pooling    : HHH10001005: Database info:
	Database JDBC URL [Connecting through datasource 'HikariDataSource (HikariPool-1)']
	Database driver: undefined/unknown
	Database version: 9.1
	Autocommit mode: undefined/unknown
	Isolation level: undefined/unknown
	Minimum pool size: undefined/unknown
	Maximum pool size: undefined/unknown
2025-02-20T18:25:04.530+05:30  INFO 5248 --- [ems-backend] [           main] o.h.e.t.j.p.i.JtaPlatformInitiator       : HHH000489: No JTA platform available (set 'hibernate.transaction.jta.platform' to enable JTA platform integration)
2025-02-20T18:25:04.652+05:30  INFO 5248 --- [ems-backend] [           main] j.LocalContainerEntityManagerFactoryBean : Initialized JPA EntityManagerFactory for persistence unit 'default'
2025-02-20T18:25:05.615+05:30  WARN 5248 --- [ems-backend] [           main] JpaBaseConfiguration$JpaWebConfiguration : spring.jpa.open-in-view is enabled by default. Therefore, database queries may be performed during view rendering. Explicitly configure spring.jpa.open-in-view to disable this warning
2025-02-20T18:25:06.352+05:30  INFO 5248 --- [ems-backend] [           main] c.m.ems.EmsBackendApplicationTests       : Started EmsBackendApplicationTests in 8.267 seconds (process running for 10.486)
]]></system-out>
    <system-err><![CDATA[Mockito is currently self-attaching to enable the inline-mock-maker. This will no longer work in future releases of the JDK. Please add Mockito as an agent to your build what is described in Mockito's documentation: https://javadoc.io/doc/org.mockito/mockito-core/latest/org/mockito/Mockito.html#0.3
WARNING: A Java agent has been loaded dynamically (C:\Users\Durga Prasad\.m2\repository\net\bytebuddy\byte-buddy-agent\1.15.11\byte-buddy-agent-1.15.11.jar)
WARNING: If a serviceability tool is in use, please run with -XX:+EnableDynamicAgentLoading to hide this warning
WARNING: If a serviceability tool is not in use, please run with -Djdk.instrument.traceUsage for more information
WARNING: Dynamic loading of agents will be disallowed by default in a future release
]]></system-err>
  </testcase>
</testsuite>